<?xml version="1.0" encoding="UTF-8"?>
<!-- Generated by org.testng.reporters.JUnitXMLReporter -->
<testsuite ignored="0" hostname="WKWZTgeBiORINJI" failures="0" tests="12" name="Command line test" time="21.596" errors="0" timestamp="2022-11-23T15:47:43 IST">
  <testcase classname="Day3.LoginTest" name="verifywithinvalidpassword" time="0.177"/>
  <testcase classname="Day3.LoginTest" name="verifywithinvalidusername" time="0.169"/>
  <testcase classname="Day3.LoginTest" name="verifywithinvalidusernameandpassword" time="0.657"/>
  <testcase classname="Day3.LoginTest" name="verifywithoutusernamepassword" time="0.062"/>
  <testcase classname="Day3.MyFirstTestNGTest" name="login" time="0.0"/>
  <testcase classname="Day3.MyFirstTestNGTest" name="createAccount" time="0.0"/>
  <testcase classname="Day3.MyFirstTestNGTest" name="deleteAccount" time="0.0"/>
  <testcase classname="Day3.MyFirstTestNGTest" name="logoutFromApppLocation" time="0.0"/>
  <testcase classname="Day3.SmokeTest" name="verifyForgetPassword" time="0.033"/>
  <testcase classname="Day3.SmokeTest" name="verifySocialMediaCount" time="0.024"/>
  <testcase classname="Day3.SmokeTest" name="verifyTitle" time="0.007"/>
  <testcase classname="Day3.SmokeTest" name="verifyURL" time="0.006"/>
</testsuite> <!-- Command line test -->
