<?xml version="1.0" encoding="UTF-8"?>
<testng-results ignored="0" total="1" passed="1" failed="0" skipped="0">
  <reporter-output>
  </reporter-output>
  <suite started-at="2022-11-24T15:40:15 IST" name="Default suite" finished-at="2022-11-24T15:40:20 IST" duration-ms="5263">
    <groups>
    </groups>
    <test started-at="2022-11-24T15:40:15 IST" name="Default test" finished-at="2022-11-24T15:40:20 IST" duration-ms="5263">
      <class name="Day5.FileUpload">
        <test-method is-config="true" signature="setup()[pri:0, instance:Day5.FileUpload@281f23f2]" started-at="2022-11-24T15:40:15 IST" name="setup" finished-at="2022-11-24T15:40:19 IST" duration-ms="3419" status="PASS">
          <reporter-output>
          </reporter-output>
        </test-method> <!-- setup -->
        <test-method signature="filedownload()[pri:0, instance:Day5.FileUpload@281f23f2]" started-at="2022-11-24T15:40:19 IST" name="filedownload" finished-at="2022-11-24T15:40:20 IST" duration-ms="1592" status="PASS">
          <reporter-output>
          </reporter-output>
        </test-method> <!-- filedownload -->
        <test-method is-config="true" signature="teardown()[pri:0, instance:Day5.FileUpload@281f23f2]" started-at="2022-11-24T15:40:20 IST" name="teardown" finished-at="2022-11-24T15:40:20 IST" duration-ms="218" status="PASS">
          <reporter-output>
          </reporter-output>
        </test-method> <!-- teardown -->
      </class> <!-- Day5.FileUpload -->
    </test> <!-- Default test -->
  </suite> <!-- Default suite -->
</testng-results>
